<?xml version="1.0" encoding="UTF-8"?>
<!-- Generated by org.testng.reporters.JUnitReportReporter -->
<testsuite hostname="DESKTOP-UE7RBIH" failures="0" tests="4" name="TestNGDemo.annotationsTestNG" time="0.035" errors="0" timestamp="2022-10-27T15:22:58 IST" skipped="0">
  <testcase classname="TestNGDemo.annotationsTestNG" name="apple" time="0.017"/>
  <system-out/>
  <testcase classname="TestNGDemo.annotationsTestNG" name="car" time="0.014"/>
  <system-out/>
  <testcase classname="TestNGDemo.annotationsTestNG" name="bat" time="0.002"/>
  <system-out/>
  <testcase classname="TestNGDemo.annotationsTestNG" name="tap" time="0.002"/>
  <system-out/>
</testsuite> <!-- TestNGDemo.annotationsTestNG -->
