<?xml version="1.0" encoding="UTF-8"?>
<!-- Generated by org.testng.reporters.JUnitReportReporter -->
<testsuite hostname="DESKTOP-UE7RBIH" failures="0" tests="1" name="TestNGDemo.draganddrop" time="9.137" errors="0" timestamp="2022-11-13T18:54:34 IST" skipped="0">
  <testcase classname="TestNGDemo.draganddrop" name="Test1" time="9.137"/>
  <system-out/>
</testsuite> <!-- TestNGDemo.draganddrop -->
