<?xml version="1.0" encoding="UTF-8"?>
<!-- Generated by org.testng.reporters.JUnitReportReporter -->
<testsuite hostname="DESKTOP-UE7RBIH" failures="0" tests="1" name="TestNGDemo.Test_file" time="8.147" errors="0" timestamp="2022-10-31T15:23:12 IST" skipped="0">
  <testcase classname="TestNGDemo.Test_file" name="test2" time="8.147"/>
  <system-out/>
</testsuite> <!-- TestNGDemo.Test_file -->
