<?xml version="1.0" encoding="UTF-8"?>
<!-- Generated by org.testng.reporters.JUnitReportReporter -->
<testsuite hostname="DESKTOP-UE7RBIH" failures="0" tests="2" name="TestNGDemo.NewTest" time="22.930" errors="0" timestamp="2022-10-31T13:49:26 IST" skipped="0">
  <testcase classname="TestNGDemo.NewTest" name="dp" time="12.219"/>
  <system-out/>
  <testcase classname="TestNGDemo.NewTest" name="dp" time="10.711"/>
  <system-out/>
</testsuite> <!-- TestNGDemo.NewTest -->
