<?xml version="1.0" encoding="UTF-8"?>
<!-- Generated by org.testng.reporters.JUnitReportReporter -->
<testsuite hostname="DESKTOP-UE7RBIH" failures="0" tests="1" name="TestNGDemo.selectframe" time="0.588" errors="0" timestamp="2022-11-13T21:31:51 IST" skipped="0">
  <testcase classname="TestNGDemo.selectframe" name="Test1" time="0.588"/>
  <system-out/>
</testsuite> <!-- TestNGDemo.selectframe -->
