<?xml version="1.0" encoding="UTF-8"?>
<!-- Generated by org.testng.reporters.JUnitReportReporter -->
<testsuite hostname="DESKTOP-UE7RBIH" failures="0" tests="1" name="TestNGDemo.testdraw_border" time="3.082" errors="0" timestamp="2022-10-31T16:10:41 IST" skipped="0">
  <testcase classname="TestNGDemo.testdraw_border" name="test2" time="3.082"/>
  <system-out/>
</testsuite> <!-- TestNGDemo.testdraw_border -->
