<?xml version="1.0" encoding="UTF-8"?>
<!-- Generated by org.testng.reporters.JUnitReportReporter -->
<testsuite hostname="DESKTOP-UE7RBIH" failures="0" tests="1" name="TestNGDemo.systemoutprintstream" time="0.422" errors="0" timestamp="2022-11-14T11:04:06 IST" skipped="0">
  <testcase classname="TestNGDemo.systemoutprintstream" name="Test1" time="0.422"/>
  <system-out/>
</testsuite> <!-- TestNGDemo.systemoutprintstream -->
