<?xml version="1.0" encoding="UTF-8"?>
<!-- Generated by org.testng.reporters.JUnitReportReporter -->
<testsuite hostname="DESKTOP-UE7RBIH" failures="0" tests="3" name="TestNGDemo.testyourlogo" time="51.862" errors="0" timestamp="2022-11-02T12:20:56 IST" skipped="0">
  <testcase classname="TestNGDemo.testyourlogo" name="test2" time="17.083"/>
  <system-out/>
  <testcase classname="TestNGDemo.testyourlogo" name="test3" time="24.236"/>
  <system-out/>
  <testcase classname="TestNGDemo.testyourlogo" name="test4" time="10.543"/>
  <system-out/>
</testsuite> <!-- TestNGDemo.testyourlogo -->
